#
# A fatal error has been detected by the Java Runtime Environment:
#
#  EXCEPTION_ACCESS_VIOLATION (0xc0000005) at pc=0xffffffffa3755120, pid=1184, tid=4400
#
# JRE version: Java(TM) SE Runtime Environment (8.0_45-b14) (build 1.8.0_45-b14)
# Java VM: Java HotSpot(TM) 64-Bit Server VM (25.45-b02 mixed mode windows-amd64 compressed oops)
# Problematic frame:
# C  0xffffffffa3755120
#
# Failed to write core dump. Minidumps are not enabled by default on client versions of Windows
#
# If you would like to submit a bug report, please visit:
#   http://bugreport.java.com/bugreport/crash.jsp
#

---------------  T H R E A D  ---------------

Current thread (0x0000000001bfd800):  JavaThread "main" [_thread_in_Java, id=4400, stack(0x0000000002380000,0x0000000002480000)]

siginfo: ExceptionCode=0xc0000005, ExceptionInformation=0x0000000000000008 0xffffffffa3755120

Registers:
RAX=0x0000000054760470, RBX=0x0000000054760470, RCX=0x00000000eabaa4b0, RDX=0x00000000eabaa4b0
RSP=0x000000000247e3e8, RBP=0x000000000247e440, RSI=0x000000001476da28, RDI=0x0000000000000108
R8 =0x0000000000000001, R9 =0x00000000eab4d5c8, R10=0x000000006ce5bba0, R11=0x0000000002850e80
R12=0x0000000000000000, R13=0x000000000247e3f8, R14=0x000000000247e458, R15=0x0000000001bfd800
RIP=0xffffffffa3755120, EFLAGS=0x0000000000010206

Top of Stack: (sp=0x000000000247e3e8)
0x000000000247e3e8:   0000000002757a01 0000000002757a01
0x000000000247e3f8:   00000000eabaa4b0 000000000247e400
0x000000000247e408:   00000000547cf311 000000000247e458
0x000000000247e418:   000000005488ef90 0000000054946260
0x000000000247e428:   00000000547cf320 000000000247e3f8
0x000000000247e438:   000000000247e450 000000000247e4a0
0x000000000247e448:   0000000002757a01 0000000000000010
0x000000000247e458:   00000000eabaa4b0 000000000247e460
0x000000000247e468:   00000000547d2cf3 000000000247e4b0
0x000000000247e478:   000000005488f7e0 0000000054946130
0x000000000247e488:   00000000547d2cf8 000000000247e450
0x000000000247e498:   000000000247e4b0 000000000247e500
0x000000000247e4a8:   0000000002757a01 00000000eabaa4b0
0x000000000247e4b8:   00000000eabaa4b0 000000000247e4c0
0x000000000247e4c8:   0000000054935b84 000000000247e530
0x000000000247e4d8:   0000000054935e00 0000000000000000 

Instructions: (pc=0xffffffffa3755120)
0xffffffffa3755100:   
[error occurred during error reporting (printing registers, top of stack, instructions near pc), id 0xc0000005]

Register to memory mapping:

RAX={method} {0x0000000054760478} '<init>' '()V' in 'java/lang/Object'
RBX={method} {0x0000000054760478} '<init>' '()V' in 'java/lang/Object'
RCX=0x00000000eabaa4b0 is an oop
java.lang.StringBuilder 
 - klass: 'java/lang/StringBuilder'
RDX=0x00000000eabaa4b0 is an oop
java.lang.StringBuilder 
 - klass: 'java/lang/StringBuilder'
RSP=0x000000000247e3e8 is pointing into the stack for thread: 0x0000000001bfd800
RBP=0x000000000247e440 is pointing into the stack for thread: 0x0000000001bfd800
RSI=0x000000001476da28 is pointing into metadata
RDI=0x0000000000000108 is an unknown value
R8 =0x0000000000000001 is an unknown value
R9 =0x00000000eab4d5c8 is an oop
java.util.Stack 
 - klass: 'java/util/Stack'
R10=0x000000006ce5bba0 is an unknown value
R11=0x0000000002850e80 is at entry_point+32 in (nmethod*)0x0000000002850d10
R12=0x0000000000000000 is an unknown value
R13=0x000000000247e3f8 is pointing into the stack for thread: 0x0000000001bfd800
R14=0x000000000247e458 is pointing into the stack for thread: 0x0000000001bfd800
R15=0x0000000001bfd800 is a thread


Stack: [0x0000000002380000,0x0000000002480000],  sp=0x000000000247e3e8,  free space=1016k
Native frames: (J=compiled Java code, j=interpreted, Vv=VM code, C=native code)
C  0xffffffffa3755120


---------------  P R O C E S S  ---------------

Java Threads: ( => current thread )
  0x0000000056cb2800 JavaThread "Service Thread" daemon [_thread_blocked, id=4268, stack(0x0000000057200000,0x0000000057300000)]
  0x000000005515f000 JavaThread "C1 CompilerThread2" daemon [_thread_blocked, id=692, stack(0x0000000056320000,0x0000000056420000)]
  0x000000005515d000 JavaThread "C2 CompilerThread1" daemon [_thread_blocked, id=4916, stack(0x0000000056b40000,0x0000000056c40000)]
  0x0000000055159000 JavaThread "C2 CompilerThread0" daemon [_thread_blocked, id=3564, stack(0x0000000056950000,0x0000000056a50000)]
  0x0000000055152800 JavaThread "Attach Listener" daemon [_thread_blocked, id=4008, stack(0x0000000056750000,0x0000000056850000)]
  0x000000005514f000 JavaThread "Signal Dispatcher" daemon [_thread_blocked, id=5324, stack(0x00000000565c0000,0x00000000566c0000)]
  0x00000000550f6800 JavaThread "Finalizer" daemon [_thread_blocked, id=5028, stack(0x0000000056430000,0x0000000056530000)]
  0x00000000550ef800 JavaThread "Reference Handler" daemon [_thread_blocked, id=2224, stack(0x00000000561d0000,0x00000000562d0000)]
=>0x0000000001bfd800 JavaThread "main" [_thread_in_Java, id=4400, stack(0x0000000002380000,0x0000000002480000)]

Other Threads:
  0x00000000550e9800 VMThread [stack: 0x0000000056070000,0x0000000056170000] [id=5076]
  0x0000000056cc8800 WatcherThread [stack: 0x0000000057370000,0x0000000057470000] [id=4056]

VM state:not at safepoint (normal execution)

VM Mutex/Monitor currently owned by a thread: None

Heap:
 PSYoungGen      total 18944K, used 1310K [0x00000000eab00000, 0x00000000ec000000, 0x0000000100000000)
  eden space 16384K, 8% used [0x00000000eab00000,0x00000000eac47bd0,0x00000000ebb00000)
  from space 2560K, 0% used [0x00000000ebd80000,0x00000000ebd80000,0x00000000ec000000)
  to   space 2560K, 0% used [0x00000000ebb00000,0x00000000ebb00000,0x00000000ebd80000)
 ParOldGen       total 44032K, used 0K [0x00000000c0000000, 0x00000000c2b00000, 0x00000000eab00000)
  object space 44032K, 0% used [0x00000000c0000000,0x00000000c0000000,0x00000000c2b00000)
 Metaspace       used 2195K, capacity 4480K, committed 4480K, reserved 1056768K
  class space    used 246K, capacity 384K, committed 384K, reserved 1048576K

Card table byte_map: [0x0000000011b10000,0x0000000011d20000] byte_map_base: 0x0000000011510000

Marking Bits: (ParMarkBitMap*) 0x000000006ce74040
 Begin Bits: [0x0000000012560000, 0x0000000013560000)
 End Bits:   [0x0000000013560000, 0x0000000014560000)

Polling page: 0x0000000000220000

CodeCache: size=245760Kb used=1081Kb max_used=1081Kb free=244678Kb
 bounds [0x0000000002750000, 0x00000000029c0000, 0x0000000011750000]
 total_blobs=240 nmethods=16 adapters=140
 compilation: enabled

Compilation events (10 events):
Event: 0.387 Thread 0x000000005515f000   15       1       java.lang.Object::<init> (1 bytes)
Event: 0.387 Thread 0x000000005515f000 nmethod 15 0x000000000285d390 code [0x000000000285d4e0, 0x000000000285d5f0]
Event: 0.387 Thread 0x000000005515f000   14       3       java.lang.String::length (6 bytes)
Event: 0.387 Thread 0x000000005515f000 nmethod 14 0x000000000285d650 code [0x000000000285d7a0, 0x000000000285d8f0]
Event: 0.387 Thread 0x000000005515f000   12       3       java.lang.AbstractStringBuilder::append (29 bytes)
Event: 0.387 Thread 0x000000005515f000 nmethod 12 0x000000000285d990 code [0x000000000285db00, 0x000000000285de08]
Event: 0.387 Thread 0x000000005515f000   16       3       java.io.WinNTFileSystem::isSlash (18 bytes)
Event: 0.387 Thread 0x000000005515f000 nmethod 16 0x000000000285df90 code [0x000000000285e0e0, 0x000000000285e2d0]
Event: 0.387 Thread 0x000000005515f000   13       3       java.lang.StringBuilder::append (8 bytes)
Event: 0.388 Thread 0x000000005515f000 nmethod 13 0x000000000285e350 code [0x000000000285e4c0, 0x000000000285e828]

GC Heap History (0 events):
No events

Deoptimization events (0 events):
No events

Internal exceptions (2 events):
Event: 0.251 Thread 0x0000000001bfd800 Exception <a 'java/lang/NoSuchMethodError': Method sun.misc.Unsafe.defineClass(Ljava/lang/String;[BII)Ljava/lang/Class; name or signature does not match> (0x00000000eab0d0f0) thrown at [C:\re\workspace\8-2-build-windows-amd64-cygwin\jdk8u45\3457\hotspot\sryb …TÐ?
Event: 0.251 Thread 0x0000000001bfd800 Exception <a 'java/lang/NoSuchMethodError': Method sun.misc.Unsafe.prefetchRead(Ljava/lang/Object;J)V name or signature does not match> (0x00000000eab0d380) thrown at [C:\re\workspace\8-2-build-windows-amd64-cygwin\jdk8u45\3457\hotspot\src\share\vm\prims\j

Events (10 events):
Event: 0.380 loading class sun/nio/cs/ThreadLocalCoders$Cache done
Event: 0.380 loading class sun/nio/cs/ThreadLocalCoders$1 done
Event: 0.380 loading class sun/nio/cs/ThreadLocalCoders$2
Event: 0.380 loading class sun/nio/cs/ThreadLocalCoders$2 done
Event: 0.380 loading class sun/nio/cs/UTF_8
Event: 0.381 loading class sun/nio/cs/Unicode
Event: 0.381 loading class sun/nio/cs/Unicode done
Event: 0.381 loading class sun/nio/cs/UTF_8 done
Event: 0.381 loading class sun/nio/cs/UTF_8$Decoder
Event: 0.382 loading class sun/nio/cs/UTF_8$Decoder done


Dynamic libraries:
0x000000013f2d0000 - 0x000000013f307000 	C:\Program Files\Java\jre1.8.0_45\bin\javaw.exe
0x00000000773e0000 - 0x0000000077588000 	C:\Windows\SYSTEM32\ntdll.dll
0x00000000771c0000 - 0x00000000772df000 	C:\Windows\system32\kernel32.dll
0x000007fefd400000 - 0x000007fefd46c000 	C:\Windows\system32\KERNELBASE.dll
0x000007fefe520000 - 0x000007fefe5fb000 	C:\Windows\system32\ADVAPI32.dll
0x000007fefe3d0000 - 0x000007fefe46f000 	C:\Windows\system32\msvcrt.dll
0x000007fefd620000 - 0x000007fefd63f000 	C:\Windows\SYSTEM32\sechost.dll
0x000007fefe920000 - 0x000007fefea4d000 	C:\Windows\system32\RPCRT4.dll
0x00000000772e0000 - 0x00000000773da000 	C:\Windows\system32\USER32.dll
0x000007fefead0000 - 0x000007fefeb37000 	C:\Windows\system32\GDI32.dll
0x000007fefeda0000 - 0x000007fefedae000 	C:\Windows\system32\LPK.dll
0x000007fefecd0000 - 0x000007fefed99000 	C:\Windows\system32\USP10.dll
0x000007fefbc60000 - 0x000007fefbe54000 	C:\Windows\WinSxS\amd64_microsoft.windows.common-controls_6595b64144ccf1df_6.0.7601.17514_none_fa396087175ac9ac\COMCTL32.dll
0x000007fefedb0000 - 0x000007fefee21000 	C:\Windows\system32\SHLWAPI.dll
0x000007fefea50000 - 0x000007fefea7e000 	C:\Windows\system32\IMM32.DLL
0x000007feff350000 - 0x000007feff459000 	C:\Windows\system32\MSCTF.dll
0x0000000073cc0000 - 0x0000000073d92000 	C:\Program Files\Java\jre1.8.0_45\bin\msvcr100.dll
0x000000006c670000 - 0x000000006cef3000 	C:\Program Files\Java\jre1.8.0_45\bin\server\jvm.dll
0x000007fef80a0000 - 0x000007fef80a9000 	C:\Windows\system32\WSOCK32.dll
0x000007fefea80000 - 0x000007fefeacd000 	C:\Windows\system32\WS2_32.dll
0x000007fefe510000 - 0x000007fefe518000 	C:\Windows\system32\NSI.dll
0x000007fef8f00000 - 0x000007fef8f3b000 	C:\Windows\system32\WINMM.dll
0x000007fefc290000 - 0x000007fefc29c000 	C:\Windows\system32\VERSION.dll
0x00000000775a0000 - 0x00000000775a7000 	C:\Windows\system32\PSAPI.DLL
0x0000000073dc0000 - 0x0000000073dcf000 	C:\Program Files\Java\jre1.8.0_45\bin\verify.dll
0x0000000070510000 - 0x0000000070539000 	C:\Program Files\Java\jre1.8.0_45\bin\java.dll
0x000000006fe80000 - 0x000000006fe96000 	C:\Program Files\Java\jre1.8.0_45\bin\zip.dll
0x000007fefd640000 - 0x000007fefe3c9000 	C:\Windows\system32\SHELL32.dll
0x000007feff460000 - 0x000007feff663000 	C:\Windows\system32\ole32.dll
0x000007fefd1a0000 - 0x000007fefd1af000 	C:\Windows\system32\profapi.dll
0x000007fefc150000 - 0x000007fefc275000 	C:\Windows\system32\dbghelp.dll

VM Arguments:
jvm_args: -Dfile.encoding=Cp1252 
java_command: ToHex
java_class_path (initial): C:\Users\harald\workspace\ToHex\bin
Launcher Type: SUN_STANDARD

Environment Variables:
PATH=C:/Program Files/Java/jre1.8.0_45/bin/server;C:/Program Files/Java/jre1.8.0_45/bin;C:/Program Files/Java/jre1.8.0_45/lib/amd64;C:\ProgramData\Oracle\Java\javapath;C:\Windows\system32;C:\Windows;C:\Windows\System32\Wbem;C:\Windows\System32\WindowsPowerShell\v1.0\;C:\Program Files (x86)\ATI Technologies\ATI.ACE\Core-Static;C:\Program Files (x86)\Common Files\Acronis\SnapAPI\;C:\FPC\2.6.2\bin\i386-Win32;quot;C:\MinGW\bin;C:\Users\harald\Desktop\eclipse;
USERNAME=harald
OS=Windows_NT
PROCESSOR_IDENTIFIER=Intel64 Family 6 Model 23 Stepping 7, GenuineIntel



---------------  S Y S T E M  ---------------

OS: Windows 7 , 64 bit Build 7601 (6.1.7601.18798)

CPU:total 4 (4 cores per cpu, 1 threads per core) family 6 model 23 stepping 7, cmov, cx8, fxsr, mmx, sse, sse2, sse3, ssse3, sse4.1, tsc

Memory: 4k page, physical 4193528k(1602420k free), swap 8385204k(4717800k free)

vm_info: Java HotSpot(TM) 64-Bit Server VM (25.45-b02) for windows-amd64 JRE (1.8.0_45-b14), built on Apr 10 2015 10:34:15 by "java_re" with MS VC++ 10.0 (VS2010)

time: Sat Apr 25 23:04:49 2015
elapsed time: 0 seconds (0d 0h 0m 0s)

